sample_name BAV2375
base_file_name BAV2375
Map with Bowtie 2 *.trunc.fastq.gz
1383803489 reads; of these:
  1383803489 (100.00%) were unpaired; of these:
    27516307 (1.99%) aligned 0 times
    987954297 (71.39%) aligned exactly 1 time
    368332885 (26.62%) aligned >1 times
98.01% overall alignment rate

real	1602m46.414s
user	14618m30.386s
sys	1335m8.791s
1383803489 reads; of these:
  1383803489 (100.00%) were unpaired; of these:
    47852712 (3.46%) aligned 0 times
    972197498 (70.26%) aligned exactly 1 time
    363753279 (26.29%) aligned >1 times
96.54% overall alignment rate

real	1702m47.637s
user	15657m48.850s
sys	1335m15.890s
Submitted batch job 6189710
